{"C:\\Users\\17866\\Documents\\GitHub\\LMREACTV3\\my-project\\src\\components\\Header.jsx": {"path":"C:\\Users\\17866\\Documents\\GitHub\\LMREACTV3\\my-project\\src\\components\\Header.jsx","statementMap":{"0":{"start":{"line":6,"column":15},"end":{"line":57,"column":null}},"1":{"start":{"line":7,"column":24},"end":{"line":7,"column":null}},"2":{"start":{"line":9,"column":18},"end":{"line":9,"column":null}},"3":{"start":{"line":10,"column":2},"end":{"line":17,"column":null}},"4":{"start":{"line":11,"column":4},"end":{"line":16,"column":null}},"5":{"start":{"line":12,"column":12},"end":{"line":12,"column":null}},"6":{"start":{"line":13,"column":6},"end":{"line":13,"column":null}},"7":{"start":{"line":15,"column":6},"end":{"line":15,"column":null}},"8":{"start":{"line":19,"column":2},"end":{"line":55,"column":null}}},"fnMap":{"0":{"name":"(anonymous_0)","decl":{"start":{"line":6,"column":15},"end":{"line":6,"column":21}},"loc":{"start":{"line":6,"column":21},"end":{"line":57,"column":null}},"line":6}},"branchMap":{"0":{"loc":{"start":{"line":10,"column":2},"end":{"line":17,"column":null}},"type":"if","locations":[{"start":{"line":10,"column":2},"end":{"line":17,"column":null}},{"start":{},"end":{}}],"line":10},"1":{"loc":{"start":{"line":13,"column":18},"end":{"line":13,"column":null}},"type":"binary-expr","locations":[{"start":{"line":13,"column":18},"end":{"line":13,"column":33}},{"start":{"line":13,"column":33},"end":{"line":13,"column":50}},{"start":{"line":13,"column":50},"end":{"line":13,"column":null}}],"line":13},"2":{"loc":{"start":{"line":47,"column":9},"end":{"line":47,"column":null}},"type":"binary-expr","locations":[{"start":{"line":47,"column":9},"end":{"line":47,"column":22}},{"start":{"line":47,"column":22},"end":{"line":47,"column":null}}],"line":47}},"s":{"0":1,"1":6,"2":6,"3":6,"4":6,"5":6,"6":6,"7":0,"8":6},"f":{"0":6},"b":{"0":[6,0],"1":[6,0,0],"2":[6,6]},"meta":{"lastBranch":3,"lastFunction":1,"lastStatement":9,"seen":{"s:6:15:57:Infinity":0,"f:6:15:6:21":0,"s:7:24:7:Infinity":1,"s:9:18:9:Infinity":2,"b:10:2:17:Infinity:undefined:undefined:undefined:undefined":0,"s:10:2:17:Infinity":3,"s:11:4:16:Infinity":4,"s:12:12:12:Infinity":5,"s:13:6:13:Infinity":6,"b:13:18:13:33:13:33:13:50:13:50:13:Infinity":1,"s:15:6:15:Infinity":7,"s:19:2:55:Infinity":8,"b:47:9:47:22:47:22:47:Infinity":2}}}
,"C:\\Users\\17866\\Documents\\GitHub\\LMREACTV3\\my-project\\src\\utils\\validation.js": {"path":"C:\\Users\\17866\\Documents\\GitHub\\LMREACTV3\\my-project\\src\\utils\\validation.js","statementMap":{"0":{"start":{"line":10,"column":28},"end":{"line":14,"column":1}},"1":{"start":{"line":11,"column":2},"end":{"line":11,"column":56}},"2":{"start":{"line":11,"column":43},"end":{"line":11,"column":56}},"3":{"start":{"line":12,"column":21},"end":{"line":12,"column":49}},"4":{"start":{"line":13,"column":2},"end":{"line":13,"column":32}},"5":{"start":{"line":21,"column":35},"end":{"line":26,"column":1}},"6":{"start":{"line":22,"column":2},"end":{"line":22,"column":70}},"7":{"start":{"line":22,"column":57},"end":{"line":22,"column":70}},"8":{"start":{"line":24,"column":22},"end":{"line":24,"column":43}},"9":{"start":{"line":25,"column":2},"end":{"line":25,"column":54}},"10":{"start":{"line":33,"column":34},"end":{"line":37,"column":1}},"11":{"start":{"line":34,"column":2},"end":{"line":34,"column":54}},"12":{"start":{"line":34,"column":41},"end":{"line":34,"column":54}},"13":{"start":{"line":35,"column":23},"end":{"line":35,"column":35}},"14":{"start":{"line":36,"column":2},"end":{"line":36,"column":47}},"15":{"start":{"line":44,"column":27},"end":{"line":48,"column":1}},"16":{"start":{"line":45,"column":2},"end":{"line":45,"column":54}},"17":{"start":{"line":45,"column":41},"end":{"line":45,"column":54}},"18":{"start":{"line":46,"column":20},"end":{"line":46,"column":54}},"19":{"start":{"line":47,"column":2},"end":{"line":47,"column":30}},"20":{"start":{"line":55,"column":29},"end":{"line":63,"column":1}},"21":{"start":{"line":56,"column":2},"end":{"line":56,"column":53}},"22":{"start":{"line":56,"column":43},"end":{"line":56,"column":53}},"23":{"start":{"line":57,"column":2},"end":{"line":62,"column":30}}},"fnMap":{"0":{"name":"(anonymous_0)","decl":{"start":{"line":10,"column":28},"end":{"line":10,"column":29}},"loc":{"start":{"line":10,"column":39},"end":{"line":14,"column":1}},"line":10},"1":{"name":"(anonymous_1)","decl":{"start":{"line":21,"column":35},"end":{"line":21,"column":36}},"loc":{"start":{"line":21,"column":53},"end":{"line":26,"column":1}},"line":21},"2":{"name":"(anonymous_2)","decl":{"start":{"line":33,"column":34},"end":{"line":33,"column":35}},"loc":{"start":{"line":33,"column":44},"end":{"line":37,"column":1}},"line":33},"3":{"name":"(anonymous_3)","decl":{"start":{"line":44,"column":27},"end":{"line":44,"column":28}},"loc":{"start":{"line":44,"column":37},"end":{"line":48,"column":1}},"line":44},"4":{"name":"(anonymous_4)","decl":{"start":{"line":55,"column":29},"end":{"line":55,"column":30}},"loc":{"start":{"line":55,"column":40},"end":{"line":63,"column":1}},"line":55}},"branchMap":{"0":{"loc":{"start":{"line":11,"column":2},"end":{"line":11,"column":56}},"type":"if","locations":[{"start":{"line":11,"column":2},"end":{"line":11,"column":56}},{"start":{},"end":{}}],"line":11},"1":{"loc":{"start":{"line":11,"column":6},"end":{"line":11,"column":41}},"type":"binary-expr","locations":[{"start":{"line":11,"column":6},"end":{"line":11,"column":12}},{"start":{"line":11,"column":16},"end":{"line":11,"column":41}}],"line":11},"2":{"loc":{"start":{"line":22,"column":2},"end":{"line":22,"column":70}},"type":"if","locations":[{"start":{"line":22,"column":2},"end":{"line":22,"column":70}},{"start":{},"end":{}}],"line":22},"3":{"loc":{"start":{"line":22,"column":6},"end":{"line":22,"column":55}},"type":"binary-expr","locations":[{"start":{"line":22,"column":6},"end":{"line":22,"column":19}},{"start":{"line":22,"column":23},"end":{"line":22,"column":55}}],"line":22},"4":{"loc":{"start":{"line":34,"column":2},"end":{"line":34,"column":54}},"type":"if","locations":[{"start":{"line":34,"column":2},"end":{"line":34,"column":54}},{"start":{},"end":{}}],"line":34},"5":{"loc":{"start":{"line":34,"column":6},"end":{"line":34,"column":39}},"type":"binary-expr","locations":[{"start":{"line":34,"column":6},"end":{"line":34,"column":11}},{"start":{"line":34,"column":15},"end":{"line":34,"column":39}}],"line":34},"6":{"loc":{"start":{"line":45,"column":2},"end":{"line":45,"column":54}},"type":"if","locations":[{"start":{"line":45,"column":2},"end":{"line":45,"column":54}},{"start":{},"end":{}}],"line":45},"7":{"loc":{"start":{"line":45,"column":6},"end":{"line":45,"column":39}},"type":"binary-expr","locations":[{"start":{"line":45,"column":6},"end":{"line":45,"column":11}},{"start":{"line":45,"column":15},"end":{"line":45,"column":39}}],"line":45},"8":{"loc":{"start":{"line":56,"column":2},"end":{"line":56,"column":53}},"type":"if","locations":[{"start":{"line":56,"column":2},"end":{"line":56,"column":53}},{"start":{},"end":{}}],"line":56},"9":{"loc":{"start":{"line":56,"column":6},"end":{"line":56,"column":41}},"type":"binary-expr","locations":[{"start":{"line":56,"column":6},"end":{"line":56,"column":12}},{"start":{"line":56,"column":16},"end":{"line":56,"column":41}}],"line":56}},"s":{"0":1,"1":10,"2":3,"3":7,"4":7,"5":1,"6":10,"7":2,"8":8,"9":8,"10":1,"11":9,"12":2,"13":7,"14":7,"15":1,"16":11,"17":2,"18":9,"19":9,"20":1,"21":6,"22":3,"23":3},"f":{"0":10,"1":10,"2":9,"3":11,"4":6},"b":{"0":[3,7],"1":[10,7],"2":[2,8],"3":[10,8],"4":[2,7],"5":[9,7],"6":[2,9],"7":[11,9],"8":[3,3],"9":[6,3]},"meta":{"lastBranch":10,"lastFunction":5,"lastStatement":24,"seen":{"s:10:28:14:1":0,"f:10:28:10:29":0,"b:11:2:11:56:undefined:undefined:undefined:undefined":0,"s:11:2:11:56":1,"b:11:6:11:12:11:16:11:41":1,"s:11:43:11:56":2,"s:12:21:12:49":3,"s:13:2:13:32":4,"s:21:35:26:1":5,"f:21:35:21:36":1,"b:22:2:22:70:undefined:undefined:undefined:undefined":2,"s:22:2:22:70":6,"b:22:6:22:19:22:23:22:55":3,"s:22:57:22:70":7,"s:24:22:24:43":8,"s:25:2:25:54":9,"s:33:34:37:1":10,"f:33:34:33:35":2,"b:34:2:34:54:undefined:undefined:undefined:undefined":4,"s:34:2:34:54":11,"b:34:6:34:11:34:15:34:39":5,"s:34:41:34:54":12,"s:35:23:35:35":13,"s:36:2:36:47":14,"s:44:27:48:1":15,"f:44:27:44:28":3,"b:45:2:45:54:undefined:undefined:undefined:undefined":6,"s:45:2:45:54":16,"b:45:6:45:11:45:15:45:39":7,"s:45:41:45:54":17,"s:46:20:46:54":18,"s:47:2:47:30":19,"s:55:29:63:1":20,"f:55:29:55:30":4,"b:56:2:56:53:undefined:undefined:undefined:undefined":8,"s:56:2:56:53":21,"b:56:6:56:12:56:16:56:41":9,"s:56:43:56:53":22,"s:57:2:62:30":23}}}
}
